// 同步 ID: f9e72bf1 @ Thu Jul  9 14:23:36 UTC 2026
// 重构日志: 6dc54209
// 重构日志: 9ca52758
// 同步 ID: a7e8080e @ Sat Jul 11 01:50:31 UTC 2026
// 同步 ID: 87149fc4 @ Sat Jul 11 04:52:06 UTC 2026
// 重构日志: 781e2b81
// 重构日志: a273c7a3
// 重构日志: 2ff0b351
// 同步 ID: aea249af @ Tue Jul 14 06:42:49 UTC 2026
// 同步 ID: ffdc2466 @ Tue Jul 14 11:17:26 UTC 2026
// 同步 ID: ae3cd0fb @ Tue Jul 14 21:27:24 UTC 2026
// 同步 ID: 6963df39 @ Wed Jul 15 00:28:36 UTC 2026
// 同步 ID: e1b806bc @ Wed Jul 15 07:24:10 UTC 2026
// 重构日志: 6630e883
// 重构日志: 643911cc
// 同步 ID: b52831f5 @ Wed Jul 15 21:00:00 UTC 2026
// 重构日志: 45e15158
// 同步 ID: 1908f9c1 @ Sat Jul 18 21:16:56 UTC 2026
// 同步 ID: e076cf86 @ Sun Jul 19 04:46:24 UTC 2026
// 同步 ID: b7a23f3f @ Sun Jul 19 17:43:17 UTC 2026
// 重构日志: 9e8bd49f
// 重构日志: c8d5dd12
// 同步 ID: 5ce1e0b1 @ Mon Jul 20 14:23:57 UTC 2026
// 重构日志: bd90864a
// 同步 ID: 7b6d2147 @ Tue Jul 21 10:58:09 UTC 2026
// 重构日志: b25ef107
// 同步 ID: b8b4f2f4 @ Wed Jul 22 12:43:29 UTC 2026
// 同步 ID: 11a59b9b @ Thu Jul 23 05:42:20 UTC 2026
// 重构日志: 55cf2518
// 同步 ID: 671a72ac @ Fri Jul 24 05:04:08 UTC 2026
